<?xml version="1.0" encoding="UTF-8"?>
<!-- Generated by org.testng.reporters.JUnitReportReporter -->
<testsuite hostname="DESKTOP-7JLIG1H" failures="0" tests="1" name="KiteAppTest.KiteUserNameValidation" time="6.037" errors="0" timestamp="2022-04-01T16:15:13 IST" skipped="0">
  <testcase classname="KiteAppTest.KiteUserNameValidation" name="validateUserName" time="6.037"/>
  <system-out>
    <![CDATA[screenShot taken for TC 100
Validate USerNAme]]>
  </system-out>
</testsuite> <!-- KiteAppTest.KiteUserNameValidation -->
